[0.222s] DEBUG:colcon:Command line arguments: ['/usr/bin/colcon', 'build', '--packages-select', 'pickplace_rl_mobile']
[0.222s] DEBUG:colcon:Parsed command line arguments: Namespace(log_base=None, log_level=None, verb_name='build', build_base='build', install_base='install', merge_install=False, symlink_install=False, test_result_base=None, continue_on_error=False, executor='parallel', parallel_workers=22, event_handlers=None, ignore_user_meta=False, metas=['./colcon.meta'], base_paths=['.'], packages_ignore=None, packages_ignore_regex=None, paths=None, packages_up_to=None, packages_up_to_regex=None, packages_above=None, packages_above_and_dependencies=None, packages_above_depth=None, packages_select_by_dep=None, packages_skip_by_dep=None, packages_skip_up_to=None, packages_select_build_failed=False, packages_skip_build_finished=False, packages_select_test_failures=False, packages_skip_test_passed=False, packages_select=['pickplace_rl_mobile'], packages_skip=None, packages_select_regex=None, packages_skip_regex=None, packages_start=None, packages_end=None, allow_overriding=[], cmake_args=None, cmake_target=None, cmake_target_skip_unavailable=False, cmake_clean_cache=False, cmake_clean_first=False, cmake_force_configure=False, ament_cmake_args=None, catkin_cmake_args=None, catkin_skip_building_tests=False, verb_parser=<colcon_defaults.argument_parser.defaults.DefaultArgumentsDecorator object at 0x77e82b0d73a0>, verb_extension=<colcon_core.verb.build.BuildVerb object at 0x77e82b0d6e00>, main=<bound method BuildVerb.main of <colcon_core.verb.build.BuildVerb object at 0x77e82b0d6e00>>)
[0.423s] Level 1:colcon.colcon_core.package_discovery:discover_packages(colcon_meta) check parameters
[0.423s] Level 1:colcon.colcon_core.package_discovery:discover_packages(recursive) check parameters
[0.423s] Level 1:colcon.colcon_core.package_discovery:discover_packages(ignore) check parameters
[0.423s] Level 1:colcon.colcon_core.package_discovery:discover_packages(path) check parameters
[0.424s] Level 1:colcon.colcon_core.package_discovery:discover_packages(colcon_meta) discover
[0.424s] Level 1:colcon.colcon_core.package_discovery:discover_packages(recursive) discover
[0.424s] INFO:colcon.colcon_core.package_discovery:Crawling recursively for packages in '/home/asimov/pickplace-rl-mobile/src/pickplace_rl_mobile/install/pickplace_rl_mobile'
[0.424s] Level 1:colcon.colcon_core.package_identification:_identify(.) by extensions ['ignore', 'ignore_ament_install']
[0.424s] Level 1:colcon.colcon_core.package_identification:_identify(.) by extension 'ignore'
[0.424s] Level 1:colcon.colcon_core.package_identification:_identify(.) by extension 'ignore_ament_install'
[0.424s] Level 1:colcon.colcon_core.package_identification:_identify(.) by extensions ['colcon_pkg']
[0.424s] Level 1:colcon.colcon_core.package_identification:_identify(.) by extension 'colcon_pkg'
[0.424s] Level 1:colcon.colcon_core.package_identification:_identify(.) by extensions ['colcon_meta']
[0.424s] Level 1:colcon.colcon_core.package_identification:_identify(.) by extension 'colcon_meta'
[0.424s] Level 1:colcon.colcon_core.package_identification:_identify(.) by extensions ['ros']
[0.424s] Level 1:colcon.colcon_core.package_identification:_identify(.) by extension 'ros'
[0.444s] Level 1:colcon.colcon_core.package_identification:_identify(.) by extensions ['cmake', 'python']
[0.444s] Level 1:colcon.colcon_core.package_identification:_identify(.) by extension 'cmake'
[0.444s] Level 1:colcon.colcon_core.package_identification:_identify(.) by extension 'python'
[0.444s] Level 1:colcon.colcon_core.package_identification:_identify(.) by extensions ['python_setup_py']
[0.444s] Level 1:colcon.colcon_core.package_identification:_identify(.) by extension 'python_setup_py'
[0.444s] Level 1:colcon.colcon_core.package_identification:_identify(build) by extensions ['ignore', 'ignore_ament_install']
[0.444s] Level 1:colcon.colcon_core.package_identification:_identify(build) by extension 'ignore'
[0.444s] Level 1:colcon.colcon_core.package_identification:_identify(build) ignored
[0.444s] Level 1:colcon.colcon_core.package_identification:_identify(install) by extensions ['ignore', 'ignore_ament_install']
[0.444s] Level 1:colcon.colcon_core.package_identification:_identify(install) by extension 'ignore'
[0.444s] Level 1:colcon.colcon_core.package_identification:_identify(install) ignored
[0.444s] Level 1:colcon.colcon_core.package_identification:_identify(local) by extensions ['ignore', 'ignore_ament_install']
[0.444s] Level 1:colcon.colcon_core.package_identification:_identify(local) by extension 'ignore'
[0.444s] Level 1:colcon.colcon_core.package_identification:_identify(local) by extension 'ignore_ament_install'
[0.444s] Level 1:colcon.colcon_core.package_identification:_identify(local) by extensions ['colcon_pkg']
[0.444s] Level 1:colcon.colcon_core.package_identification:_identify(local) by extension 'colcon_pkg'
[0.444s] Level 1:colcon.colcon_core.package_identification:_identify(local) by extensions ['colcon_meta']
[0.444s] Level 1:colcon.colcon_core.package_identification:_identify(local) by extension 'colcon_meta'
[0.444s] Level 1:colcon.colcon_core.package_identification:_identify(local) by extensions ['ros']
[0.444s] Level 1:colcon.colcon_core.package_identification:_identify(local) by extension 'ros'
[0.444s] Level 1:colcon.colcon_core.package_identification:_identify(local) by extensions ['cmake', 'python']
[0.444s] Level 1:colcon.colcon_core.package_identification:_identify(local) by extension 'cmake'
[0.444s] Level 1:colcon.colcon_core.package_identification:_identify(local) by extension 'python'
[0.444s] Level 1:colcon.colcon_core.package_identification:_identify(local) by extensions ['python_setup_py']
[0.444s] Level 1:colcon.colcon_core.package_identification:_identify(local) by extension 'python_setup_py'
[0.445s] Level 1:colcon.colcon_core.package_identification:_identify(local/lib) by extensions ['ignore', 'ignore_ament_install']
[0.445s] Level 1:colcon.colcon_core.package_identification:_identify(local/lib) by extension 'ignore'
[0.445s] Level 1:colcon.colcon_core.package_identification:_identify(local/lib) by extension 'ignore_ament_install'
[0.445s] Level 1:colcon.colcon_core.package_identification:_identify(local/lib) by extensions ['colcon_pkg']
[0.445s] Level 1:colcon.colcon_core.package_identification:_identify(local/lib) by extension 'colcon_pkg'
[0.445s] Level 1:colcon.colcon_core.package_identification:_identify(local/lib) by extensions ['colcon_meta']
[0.445s] Level 1:colcon.colcon_core.package_identification:_identify(local/lib) by extension 'colcon_meta'
[0.445s] Level 1:colcon.colcon_core.package_identification:_identify(local/lib) by extensions ['ros']
[0.445s] Level 1:colcon.colcon_core.package_identification:_identify(local/lib) by extension 'ros'
[0.445s] Level 1:colcon.colcon_core.package_identification:_identify(local/lib) by extensions ['cmake', 'python']
[0.445s] Level 1:colcon.colcon_core.package_identification:_identify(local/lib) by extension 'cmake'
[0.445s] Level 1:colcon.colcon_core.package_identification:_identify(local/lib) by extension 'python'
[0.445s] Level 1:colcon.colcon_core.package_identification:_identify(local/lib) by extensions ['python_setup_py']
[0.445s] Level 1:colcon.colcon_core.package_identification:_identify(local/lib) by extension 'python_setup_py'
[0.445s] Level 1:colcon.colcon_core.package_identification:_identify(local/lib/python3.10) by extensions ['ignore', 'ignore_ament_install']
[0.445s] Level 1:colcon.colcon_core.package_identification:_identify(local/lib/python3.10) by extension 'ignore'
[0.445s] Level 1:colcon.colcon_core.package_identification:_identify(local/lib/python3.10) by extension 'ignore_ament_install'
[0.445s] Level 1:colcon.colcon_core.package_identification:_identify(local/lib/python3.10) by extensions ['colcon_pkg']
[0.445s] Level 1:colcon.colcon_core.package_identification:_identify(local/lib/python3.10) by extension 'colcon_pkg'
[0.445s] Level 1:colcon.colcon_core.package_identification:_identify(local/lib/python3.10) by extensions ['colcon_meta']
[0.445s] Level 1:colcon.colcon_core.package_identification:_identify(local/lib/python3.10) by extension 'colcon_meta'
[0.445s] Level 1:colcon.colcon_core.package_identification:_identify(local/lib/python3.10) by extensions ['ros']
[0.445s] Level 1:colcon.colcon_core.package_identification:_identify(local/lib/python3.10) by extension 'ros'
[0.445s] Level 1:colcon.colcon_core.package_identification:_identify(local/lib/python3.10) by extensions ['cmake', 'python']
[0.445s] Level 1:colcon.colcon_core.package_identification:_identify(local/lib/python3.10) by extension 'cmake'
[0.445s] Level 1:colcon.colcon_core.package_identification:_identify(local/lib/python3.10) by extension 'python'
[0.445s] Level 1:colcon.colcon_core.package_identification:_identify(local/lib/python3.10) by extensions ['python_setup_py']
[0.445s] Level 1:colcon.colcon_core.package_identification:_identify(local/lib/python3.10) by extension 'python_setup_py'
[0.445s] Level 1:colcon.colcon_core.package_identification:_identify(local/lib/python3.10/dist-packages) by extensions ['ignore', 'ignore_ament_install']
[0.445s] Level 1:colcon.colcon_core.package_identification:_identify(local/lib/python3.10/dist-packages) by extension 'ignore'
[0.445s] Level 1:colcon.colcon_core.package_identification:_identify(local/lib/python3.10/dist-packages) by extension 'ignore_ament_install'
[0.445s] Level 1:colcon.colcon_core.package_identification:_identify(local/lib/python3.10/dist-packages) by extensions ['colcon_pkg']
[0.445s] Level 1:colcon.colcon_core.package_identification:_identify(local/lib/python3.10/dist-packages) by extension 'colcon_pkg'
[0.445s] Level 1:colcon.colcon_core.package_identification:_identify(local/lib/python3.10/dist-packages) by extensions ['colcon_meta']
[0.445s] Level 1:colcon.colcon_core.package_identification:_identify(local/lib/python3.10/dist-packages) by extension 'colcon_meta'
[0.445s] Level 1:colcon.colcon_core.package_identification:_identify(local/lib/python3.10/dist-packages) by extensions ['ros']
[0.445s] Level 1:colcon.colcon_core.package_identification:_identify(local/lib/python3.10/dist-packages) by extension 'ros'
[0.445s] Level 1:colcon.colcon_core.package_identification:_identify(local/lib/python3.10/dist-packages) by extensions ['cmake', 'python']
[0.445s] Level 1:colcon.colcon_core.package_identification:_identify(local/lib/python3.10/dist-packages) by extension 'cmake'
[0.445s] Level 1:colcon.colcon_core.package_identification:_identify(local/lib/python3.10/dist-packages) by extension 'python'
[0.445s] Level 1:colcon.colcon_core.package_identification:_identify(local/lib/python3.10/dist-packages) by extensions ['python_setup_py']
[0.445s] Level 1:colcon.colcon_core.package_identification:_identify(local/lib/python3.10/dist-packages) by extension 'python_setup_py'
[0.445s] Level 1:colcon.colcon_core.package_identification:_identify(local/lib/python3.10/dist-packages/pickplace_rl_mobile) by extensions ['ignore', 'ignore_ament_install']
[0.446s] Level 1:colcon.colcon_core.package_identification:_identify(local/lib/python3.10/dist-packages/pickplace_rl_mobile) by extension 'ignore'
[0.446s] Level 1:colcon.colcon_core.package_identification:_identify(local/lib/python3.10/dist-packages/pickplace_rl_mobile) by extension 'ignore_ament_install'
[0.446s] Level 1:colcon.colcon_core.package_identification:_identify(local/lib/python3.10/dist-packages/pickplace_rl_mobile) by extensions ['colcon_pkg']
[0.446s] Level 1:colcon.colcon_core.package_identification:_identify(local/lib/python3.10/dist-packages/pickplace_rl_mobile) by extension 'colcon_pkg'
[0.446s] Level 1:colcon.colcon_core.package_identification:_identify(local/lib/python3.10/dist-packages/pickplace_rl_mobile) by extensions ['colcon_meta']
[0.446s] Level 1:colcon.colcon_core.package_identification:_identify(local/lib/python3.10/dist-packages/pickplace_rl_mobile) by extension 'colcon_meta'
[0.446s] Level 1:colcon.colcon_core.package_identification:_identify(local/lib/python3.10/dist-packages/pickplace_rl_mobile) by extensions ['ros']
[0.446s] Level 1:colcon.colcon_core.package_identification:_identify(local/lib/python3.10/dist-packages/pickplace_rl_mobile) by extension 'ros'
[0.446s] Level 1:colcon.colcon_core.package_identification:_identify(local/lib/python3.10/dist-packages/pickplace_rl_mobile) by extensions ['cmake', 'python']
[0.446s] Level 1:colcon.colcon_core.package_identification:_identify(local/lib/python3.10/dist-packages/pickplace_rl_mobile) by extension 'cmake'
[0.446s] Level 1:colcon.colcon_core.package_identification:_identify(local/lib/python3.10/dist-packages/pickplace_rl_mobile) by extension 'python'
[0.446s] Level 1:colcon.colcon_core.package_identification:_identify(local/lib/python3.10/dist-packages/pickplace_rl_mobile) by extensions ['python_setup_py']
[0.446s] Level 1:colcon.colcon_core.package_identification:_identify(local/lib/python3.10/dist-packages/pickplace_rl_mobile) by extension 'python_setup_py'
[0.446s] Level 1:colcon.colcon_core.package_identification:_identify(local/lib/python3.10/dist-packages/pickplace_rl_mobile/__pycache__) by extensions ['ignore', 'ignore_ament_install']
[0.446s] Level 1:colcon.colcon_core.package_identification:_identify(local/lib/python3.10/dist-packages/pickplace_rl_mobile/__pycache__) by extension 'ignore'
[0.446s] Level 1:colcon.colcon_core.package_identification:_identify(local/lib/python3.10/dist-packages/pickplace_rl_mobile/__pycache__) by extension 'ignore_ament_install'
[0.446s] Level 1:colcon.colcon_core.package_identification:_identify(local/lib/python3.10/dist-packages/pickplace_rl_mobile/__pycache__) by extensions ['colcon_pkg']
[0.446s] Level 1:colcon.colcon_core.package_identification:_identify(local/lib/python3.10/dist-packages/pickplace_rl_mobile/__pycache__) by extension 'colcon_pkg'
[0.446s] Level 1:colcon.colcon_core.package_identification:_identify(local/lib/python3.10/dist-packages/pickplace_rl_mobile/__pycache__) by extensions ['colcon_meta']
[0.446s] Level 1:colcon.colcon_core.package_identification:_identify(local/lib/python3.10/dist-packages/pickplace_rl_mobile/__pycache__) by extension 'colcon_meta'
[0.446s] Level 1:colcon.colcon_core.package_identification:_identify(local/lib/python3.10/dist-packages/pickplace_rl_mobile/__pycache__) by extensions ['ros']
[0.446s] Level 1:colcon.colcon_core.package_identification:_identify(local/lib/python3.10/dist-packages/pickplace_rl_mobile/__pycache__) by extension 'ros'
[0.446s] Level 1:colcon.colcon_core.package_identification:_identify(local/lib/python3.10/dist-packages/pickplace_rl_mobile/__pycache__) by extensions ['cmake', 'python']
[0.446s] Level 1:colcon.colcon_core.package_identification:_identify(local/lib/python3.10/dist-packages/pickplace_rl_mobile/__pycache__) by extension 'cmake'
[0.446s] Level 1:colcon.colcon_core.package_identification:_identify(local/lib/python3.10/dist-packages/pickplace_rl_mobile/__pycache__) by extension 'python'
[0.446s] Level 1:colcon.colcon_core.package_identification:_identify(local/lib/python3.10/dist-packages/pickplace_rl_mobile/__pycache__) by extensions ['python_setup_py']
[0.446s] Level 1:colcon.colcon_core.package_identification:_identify(local/lib/python3.10/dist-packages/pickplace_rl_mobile/__pycache__) by extension 'python_setup_py'
[0.446s] Level 1:colcon.colcon_core.package_identification:_identify(local/lib/python3.10/dist-packages/pickplace_rl_mobile/resource) by extensions ['ignore', 'ignore_ament_install']
[0.446s] Level 1:colcon.colcon_core.package_identification:_identify(local/lib/python3.10/dist-packages/pickplace_rl_mobile/resource) by extension 'ignore'
[0.446s] Level 1:colcon.colcon_core.package_identification:_identify(local/lib/python3.10/dist-packages/pickplace_rl_mobile/resource) by extension 'ignore_ament_install'
[0.446s] Level 1:colcon.colcon_core.package_identification:_identify(local/lib/python3.10/dist-packages/pickplace_rl_mobile/resource) by extensions ['colcon_pkg']
[0.446s] Level 1:colcon.colcon_core.package_identification:_identify(local/lib/python3.10/dist-packages/pickplace_rl_mobile/resource) by extension 'colcon_pkg'
[0.446s] Level 1:colcon.colcon_core.package_identification:_identify(local/lib/python3.10/dist-packages/pickplace_rl_mobile/resource) by extensions ['colcon_meta']
[0.446s] Level 1:colcon.colcon_core.package_identification:_identify(local/lib/python3.10/dist-packages/pickplace_rl_mobile/resource) by extension 'colcon_meta'
[0.446s] Level 1:colcon.colcon_core.package_identification:_identify(local/lib/python3.10/dist-packages/pickplace_rl_mobile/resource) by extensions ['ros']
[0.446s] Level 1:colcon.colcon_core.package_identification:_identify(local/lib/python3.10/dist-packages/pickplace_rl_mobile/resource) by extension 'ros'
[0.446s] Level 1:colcon.colcon_core.package_identification:_identify(local/lib/python3.10/dist-packages/pickplace_rl_mobile/resource) by extensions ['cmake', 'python']
[0.446s] Level 1:colcon.colcon_core.package_identification:_identify(local/lib/python3.10/dist-packages/pickplace_rl_mobile/resource) by extension 'cmake'
[0.446s] Level 1:colcon.colcon_core.package_identification:_identify(local/lib/python3.10/dist-packages/pickplace_rl_mobile/resource) by extension 'python'
[0.446s] Level 1:colcon.colcon_core.package_identification:_identify(local/lib/python3.10/dist-packages/pickplace_rl_mobile/resource) by extensions ['python_setup_py']
[0.446s] Level 1:colcon.colcon_core.package_identification:_identify(local/lib/python3.10/dist-packages/pickplace_rl_mobile/resource) by extension 'python_setup_py'
[0.446s] Level 1:colcon.colcon_core.package_identification:_identify(local/lib/python3.10/dist-packages/pickplace_rl_mobile/rl) by extensions ['ignore', 'ignore_ament_install']
[0.447s] Level 1:colcon.colcon_core.package_identification:_identify(local/lib/python3.10/dist-packages/pickplace_rl_mobile/rl) by extension 'ignore'
[0.447s] Level 1:colcon.colcon_core.package_identification:_identify(local/lib/python3.10/dist-packages/pickplace_rl_mobile/rl) by extension 'ignore_ament_install'
[0.447s] Level 1:colcon.colcon_core.package_identification:_identify(local/lib/python3.10/dist-packages/pickplace_rl_mobile/rl) by extensions ['colcon_pkg']
[0.447s] Level 1:colcon.colcon_core.package_identification:_identify(local/lib/python3.10/dist-packages/pickplace_rl_mobile/rl) by extension 'colcon_pkg'
[0.447s] Level 1:colcon.colcon_core.package_identification:_identify(local/lib/python3.10/dist-packages/pickplace_rl_mobile/rl) by extensions ['colcon_meta']
[0.447s] Level 1:colcon.colcon_core.package_identification:_identify(local/lib/python3.10/dist-packages/pickplace_rl_mobile/rl) by extension 'colcon_meta'
[0.447s] Level 1:colcon.colcon_core.package_identification:_identify(local/lib/python3.10/dist-packages/pickplace_rl_mobile/rl) by extensions ['ros']
[0.447s] Level 1:colcon.colcon_core.package_identification:_identify(local/lib/python3.10/dist-packages/pickplace_rl_mobile/rl) by extension 'ros'
[0.447s] Level 1:colcon.colcon_core.package_identification:_identify(local/lib/python3.10/dist-packages/pickplace_rl_mobile/rl) by extensions ['cmake', 'python']
[0.447s] Level 1:colcon.colcon_core.package_identification:_identify(local/lib/python3.10/dist-packages/pickplace_rl_mobile/rl) by extension 'cmake'
[0.447s] Level 1:colcon.colcon_core.package_identification:_identify(local/lib/python3.10/dist-packages/pickplace_rl_mobile/rl) by extension 'python'
[0.447s] Level 1:colcon.colcon_core.package_identification:_identify(local/lib/python3.10/dist-packages/pickplace_rl_mobile/rl) by extensions ['python_setup_py']
[0.447s] Level 1:colcon.colcon_core.package_identification:_identify(local/lib/python3.10/dist-packages/pickplace_rl_mobile/rl) by extension 'python_setup_py'
[0.447s] Level 1:colcon.colcon_core.package_identification:_identify(local/lib/python3.10/dist-packages/pickplace_rl_mobile/rl/__pycache__) by extensions ['ignore', 'ignore_ament_install']
[0.447s] Level 1:colcon.colcon_core.package_identification:_identify(local/lib/python3.10/dist-packages/pickplace_rl_mobile/rl/__pycache__) by extension 'ignore'
[0.447s] Level 1:colcon.colcon_core.package_identification:_identify(local/lib/python3.10/dist-packages/pickplace_rl_mobile/rl/__pycache__) by extension 'ignore_ament_install'
[0.447s] Level 1:colcon.colcon_core.package_identification:_identify(local/lib/python3.10/dist-packages/pickplace_rl_mobile/rl/__pycache__) by extensions ['colcon_pkg']
[0.447s] Level 1:colcon.colcon_core.package_identification:_identify(local/lib/python3.10/dist-packages/pickplace_rl_mobile/rl/__pycache__) by extension 'colcon_pkg'
[0.447s] Level 1:colcon.colcon_core.package_identification:_identify(local/lib/python3.10/dist-packages/pickplace_rl_mobile/rl/__pycache__) by extensions ['colcon_meta']
[0.447s] Level 1:colcon.colcon_core.package_identification:_identify(local/lib/python3.10/dist-packages/pickplace_rl_mobile/rl/__pycache__) by extension 'colcon_meta'
[0.447s] Level 1:colcon.colcon_core.package_identification:_identify(local/lib/python3.10/dist-packages/pickplace_rl_mobile/rl/__pycache__) by extensions ['ros']
[0.447s] Level 1:colcon.colcon_core.package_identification:_identify(local/lib/python3.10/dist-packages/pickplace_rl_mobile/rl/__pycache__) by extension 'ros'
[0.447s] Level 1:colcon.colcon_core.package_identification:_identify(local/lib/python3.10/dist-packages/pickplace_rl_mobile/rl/__pycache__) by extensions ['cmake', 'python']
[0.447s] Level 1:colcon.colcon_core.package_identification:_identify(local/lib/python3.10/dist-packages/pickplace_rl_mobile/rl/__pycache__) by extension 'cmake'
[0.447s] Level 1:colcon.colcon_core.package_identification:_identify(local/lib/python3.10/dist-packages/pickplace_rl_mobile/rl/__pycache__) by extension 'python'
[0.447s] Level 1:colcon.colcon_core.package_identification:_identify(local/lib/python3.10/dist-packages/pickplace_rl_mobile/rl/__pycache__) by extensions ['python_setup_py']
[0.447s] Level 1:colcon.colcon_core.package_identification:_identify(local/lib/python3.10/dist-packages/pickplace_rl_mobile/rl/__pycache__) by extension 'python_setup_py'
[0.447s] Level 1:colcon.colcon_core.package_identification:_identify(local/lib/python3.10/dist-packages/pickplace_rl_mobile-0.0.1-py3.10.egg-info) by extensions ['ignore', 'ignore_ament_install']
[0.447s] Level 1:colcon.colcon_core.package_identification:_identify(local/lib/python3.10/dist-packages/pickplace_rl_mobile-0.0.1-py3.10.egg-info) by extension 'ignore'
[0.447s] Level 1:colcon.colcon_core.package_identification:_identify(local/lib/python3.10/dist-packages/pickplace_rl_mobile-0.0.1-py3.10.egg-info) by extension 'ignore_ament_install'
[0.447s] Level 1:colcon.colcon_core.package_identification:_identify(local/lib/python3.10/dist-packages/pickplace_rl_mobile-0.0.1-py3.10.egg-info) by extensions ['colcon_pkg']
[0.447s] Level 1:colcon.colcon_core.package_identification:_identify(local/lib/python3.10/dist-packages/pickplace_rl_mobile-0.0.1-py3.10.egg-info) by extension 'colcon_pkg'
[0.447s] Level 1:colcon.colcon_core.package_identification:_identify(local/lib/python3.10/dist-packages/pickplace_rl_mobile-0.0.1-py3.10.egg-info) by extensions ['colcon_meta']
[0.447s] Level 1:colcon.colcon_core.package_identification:_identify(local/lib/python3.10/dist-packages/pickplace_rl_mobile-0.0.1-py3.10.egg-info) by extension 'colcon_meta'
[0.447s] Level 1:colcon.colcon_core.package_identification:_identify(local/lib/python3.10/dist-packages/pickplace_rl_mobile-0.0.1-py3.10.egg-info) by extensions ['ros']
[0.447s] Level 1:colcon.colcon_core.package_identification:_identify(local/lib/python3.10/dist-packages/pickplace_rl_mobile-0.0.1-py3.10.egg-info) by extension 'ros'
[0.447s] Level 1:colcon.colcon_core.package_identification:_identify(local/lib/python3.10/dist-packages/pickplace_rl_mobile-0.0.1-py3.10.egg-info) by extensions ['cmake', 'python']
[0.447s] Level 1:colcon.colcon_core.package_identification:_identify(local/lib/python3.10/dist-packages/pickplace_rl_mobile-0.0.1-py3.10.egg-info) by extension 'cmake'
[0.447s] Level 1:colcon.colcon_core.package_identification:_identify(local/lib/python3.10/dist-packages/pickplace_rl_mobile-0.0.1-py3.10.egg-info) by extension 'python'
[0.447s] Level 1:colcon.colcon_core.package_identification:_identify(local/lib/python3.10/dist-packages/pickplace_rl_mobile-0.0.1-py3.10.egg-info) by extensions ['python_setup_py']
[0.447s] Level 1:colcon.colcon_core.package_identification:_identify(local/lib/python3.10/dist-packages/pickplace_rl_mobile-0.0.1-py3.10.egg-info) by extension 'python_setup_py'
[0.448s] Level 1:colcon.colcon_core.package_identification:_identify(log) by extensions ['ignore', 'ignore_ament_install']
[0.448s] Level 1:colcon.colcon_core.package_identification:_identify(log) by extension 'ignore'
[0.448s] Level 1:colcon.colcon_core.package_identification:_identify(log) ignored
[0.448s] Level 1:colcon.colcon_core.package_identification:_identify(share) by extensions ['ignore', 'ignore_ament_install']
[0.448s] Level 1:colcon.colcon_core.package_identification:_identify(share) by extension 'ignore'
[0.448s] Level 1:colcon.colcon_core.package_identification:_identify(share) by extension 'ignore_ament_install'
[0.448s] Level 1:colcon.colcon_core.package_identification:_identify(share) by extensions ['colcon_pkg']
[0.448s] Level 1:colcon.colcon_core.package_identification:_identify(share) by extension 'colcon_pkg'
[0.448s] Level 1:colcon.colcon_core.package_identification:_identify(share) by extensions ['colcon_meta']
[0.448s] Level 1:colcon.colcon_core.package_identification:_identify(share) by extension 'colcon_meta'
[0.448s] Level 1:colcon.colcon_core.package_identification:_identify(share) by extensions ['ros']
[0.448s] Level 1:colcon.colcon_core.package_identification:_identify(share) by extension 'ros'
[0.448s] Level 1:colcon.colcon_core.package_identification:_identify(share) by extensions ['cmake', 'python']
[0.448s] Level 1:colcon.colcon_core.package_identification:_identify(share) by extension 'cmake'
[0.448s] Level 1:colcon.colcon_core.package_identification:_identify(share) by extension 'python'
[0.448s] Level 1:colcon.colcon_core.package_identification:_identify(share) by extensions ['python_setup_py']
[0.448s] Level 1:colcon.colcon_core.package_identification:_identify(share) by extension 'python_setup_py'
[0.448s] Level 1:colcon.colcon_core.package_identification:_identify(share/ament_index) by extensions ['ignore', 'ignore_ament_install']
[0.448s] Level 1:colcon.colcon_core.package_identification:_identify(share/ament_index) by extension 'ignore'
[0.448s] Level 1:colcon.colcon_core.package_identification:_identify(share/ament_index) by extension 'ignore_ament_install'
[0.448s] Level 1:colcon.colcon_core.package_identification:_identify(share/ament_index) by extensions ['colcon_pkg']
[0.448s] Level 1:colcon.colcon_core.package_identification:_identify(share/ament_index) by extension 'colcon_pkg'
[0.448s] Level 1:colcon.colcon_core.package_identification:_identify(share/ament_index) by extensions ['colcon_meta']
[0.448s] Level 1:colcon.colcon_core.package_identification:_identify(share/ament_index) by extension 'colcon_meta'
[0.448s] Level 1:colcon.colcon_core.package_identification:_identify(share/ament_index) by extensions ['ros']
[0.448s] Level 1:colcon.colcon_core.package_identification:_identify(share/ament_index) by extension 'ros'
[0.448s] Level 1:colcon.colcon_core.package_identification:_identify(share/ament_index) by extensions ['cmake', 'python']
[0.448s] Level 1:colcon.colcon_core.package_identification:_identify(share/ament_index) by extension 'cmake'
[0.448s] Level 1:colcon.colcon_core.package_identification:_identify(share/ament_index) by extension 'python'
[0.448s] Level 1:colcon.colcon_core.package_identification:_identify(share/ament_index) by extensions ['python_setup_py']
[0.448s] Level 1:colcon.colcon_core.package_identification:_identify(share/ament_index) by extension 'python_setup_py'
[0.448s] Level 1:colcon.colcon_core.package_identification:_identify(share/ament_index/resource_index) by extensions ['ignore', 'ignore_ament_install']
[0.448s] Level 1:colcon.colcon_core.package_identification:_identify(share/ament_index/resource_index) by extension 'ignore'
[0.448s] Level 1:colcon.colcon_core.package_identification:_identify(share/ament_index/resource_index) by extension 'ignore_ament_install'
[0.448s] Level 1:colcon.colcon_core.package_identification:_identify(share/ament_index/resource_index) by extensions ['colcon_pkg']
[0.448s] Level 1:colcon.colcon_core.package_identification:_identify(share/ament_index/resource_index) by extension 'colcon_pkg'
[0.448s] Level 1:colcon.colcon_core.package_identification:_identify(share/ament_index/resource_index) by extensions ['colcon_meta']
[0.448s] Level 1:colcon.colcon_core.package_identification:_identify(share/ament_index/resource_index) by extension 'colcon_meta'
[0.448s] Level 1:colcon.colcon_core.package_identification:_identify(share/ament_index/resource_index) by extensions ['ros']
[0.448s] Level 1:colcon.colcon_core.package_identification:_identify(share/ament_index/resource_index) by extension 'ros'
[0.448s] Level 1:colcon.colcon_core.package_identification:_identify(share/ament_index/resource_index) by extensions ['cmake', 'python']
[0.449s] Level 1:colcon.colcon_core.package_identification:_identify(share/ament_index/resource_index) by extension 'cmake'
[0.449s] Level 1:colcon.colcon_core.package_identification:_identify(share/ament_index/resource_index) by extension 'python'
[0.449s] Level 1:colcon.colcon_core.package_identification:_identify(share/ament_index/resource_index) by extensions ['python_setup_py']
[0.449s] Level 1:colcon.colcon_core.package_identification:_identify(share/ament_index/resource_index) by extension 'python_setup_py'
[0.449s] Level 1:colcon.colcon_core.package_identification:_identify(share/ament_index/resource_index/package_run_dependencies) by extensions ['ignore', 'ignore_ament_install']
[0.449s] Level 1:colcon.colcon_core.package_identification:_identify(share/ament_index/resource_index/package_run_dependencies) by extension 'ignore'
[0.449s] Level 1:colcon.colcon_core.package_identification:_identify(share/ament_index/resource_index/package_run_dependencies) by extension 'ignore_ament_install'
[0.449s] Level 1:colcon.colcon_core.package_identification:_identify(share/ament_index/resource_index/package_run_dependencies) by extensions ['colcon_pkg']
[0.449s] Level 1:colcon.colcon_core.package_identification:_identify(share/ament_index/resource_index/package_run_dependencies) by extension 'colcon_pkg'
[0.449s] Level 1:colcon.colcon_core.package_identification:_identify(share/ament_index/resource_index/package_run_dependencies) by extensions ['colcon_meta']
[0.449s] Level 1:colcon.colcon_core.package_identification:_identify(share/ament_index/resource_index/package_run_dependencies) by extension 'colcon_meta'
[0.449s] Level 1:colcon.colcon_core.package_identification:_identify(share/ament_index/resource_index/package_run_dependencies) by extensions ['ros']
[0.449s] Level 1:colcon.colcon_core.package_identification:_identify(share/ament_index/resource_index/package_run_dependencies) by extension 'ros'
[0.449s] Level 1:colcon.colcon_core.package_identification:_identify(share/ament_index/resource_index/package_run_dependencies) by extensions ['cmake', 'python']
[0.449s] Level 1:colcon.colcon_core.package_identification:_identify(share/ament_index/resource_index/package_run_dependencies) by extension 'cmake'
[0.449s] Level 1:colcon.colcon_core.package_identification:_identify(share/ament_index/resource_index/package_run_dependencies) by extension 'python'
[0.449s] Level 1:colcon.colcon_core.package_identification:_identify(share/ament_index/resource_index/package_run_dependencies) by extensions ['python_setup_py']
[0.449s] Level 1:colcon.colcon_core.package_identification:_identify(share/ament_index/resource_index/package_run_dependencies) by extension 'python_setup_py'
[0.449s] Level 1:colcon.colcon_core.package_identification:_identify(share/ament_index/resource_index/packages) by extensions ['ignore', 'ignore_ament_install']
[0.449s] Level 1:colcon.colcon_core.package_identification:_identify(share/ament_index/resource_index/packages) by extension 'ignore'
[0.449s] Level 1:colcon.colcon_core.package_identification:_identify(share/ament_index/resource_index/packages) by extension 'ignore_ament_install'
[0.449s] Level 1:colcon.colcon_core.package_identification:_identify(share/ament_index/resource_index/packages) by extensions ['colcon_pkg']
[0.449s] Level 1:colcon.colcon_core.package_identification:_identify(share/ament_index/resource_index/packages) by extension 'colcon_pkg'
[0.449s] Level 1:colcon.colcon_core.package_identification:_identify(share/ament_index/resource_index/packages) by extensions ['colcon_meta']
[0.449s] Level 1:colcon.colcon_core.package_identification:_identify(share/ament_index/resource_index/packages) by extension 'colcon_meta'
[0.449s] Level 1:colcon.colcon_core.package_identification:_identify(share/ament_index/resource_index/packages) by extensions ['ros']
[0.449s] Level 1:colcon.colcon_core.package_identification:_identify(share/ament_index/resource_index/packages) by extension 'ros'
[0.449s] Level 1:colcon.colcon_core.package_identification:_identify(share/ament_index/resource_index/packages) by extensions ['cmake', 'python']
[0.449s] Level 1:colcon.colcon_core.package_identification:_identify(share/ament_index/resource_index/packages) by extension 'cmake'
[0.449s] Level 1:colcon.colcon_core.package_identification:_identify(share/ament_index/resource_index/packages) by extension 'python'
[0.449s] Level 1:colcon.colcon_core.package_identification:_identify(share/ament_index/resource_index/packages) by extensions ['python_setup_py']
[0.449s] Level 1:colcon.colcon_core.package_identification:_identify(share/ament_index/resource_index/packages) by extension 'python_setup_py'
[0.449s] Level 1:colcon.colcon_core.package_identification:_identify(share/ament_index/resource_index/parent_prefix_path) by extensions ['ignore', 'ignore_ament_install']
[0.449s] Level 1:colcon.colcon_core.package_identification:_identify(share/ament_index/resource_index/parent_prefix_path) by extension 'ignore'
[0.449s] Level 1:colcon.colcon_core.package_identification:_identify(share/ament_index/resource_index/parent_prefix_path) by extension 'ignore_ament_install'
[0.449s] Level 1:colcon.colcon_core.package_identification:_identify(share/ament_index/resource_index/parent_prefix_path) by extensions ['colcon_pkg']
[0.449s] Level 1:colcon.colcon_core.package_identification:_identify(share/ament_index/resource_index/parent_prefix_path) by extension 'colcon_pkg'
[0.449s] Level 1:colcon.colcon_core.package_identification:_identify(share/ament_index/resource_index/parent_prefix_path) by extensions ['colcon_meta']
[0.449s] Level 1:colcon.colcon_core.package_identification:_identify(share/ament_index/resource_index/parent_prefix_path) by extension 'colcon_meta'
[0.449s] Level 1:colcon.colcon_core.package_identification:_identify(share/ament_index/resource_index/parent_prefix_path) by extensions ['ros']
[0.449s] Level 1:colcon.colcon_core.package_identification:_identify(share/ament_index/resource_index/parent_prefix_path) by extension 'ros'
[0.449s] Level 1:colcon.colcon_core.package_identification:_identify(share/ament_index/resource_index/parent_prefix_path) by extensions ['cmake', 'python']
[0.449s] Level 1:colcon.colcon_core.package_identification:_identify(share/ament_index/resource_index/parent_prefix_path) by extension 'cmake'
[0.449s] Level 1:colcon.colcon_core.package_identification:_identify(share/ament_index/resource_index/parent_prefix_path) by extension 'python'
[0.450s] Level 1:colcon.colcon_core.package_identification:_identify(share/ament_index/resource_index/parent_prefix_path) by extensions ['python_setup_py']
[0.450s] Level 1:colcon.colcon_core.package_identification:_identify(share/ament_index/resource_index/parent_prefix_path) by extension 'python_setup_py'
[0.450s] Level 1:colcon.colcon_core.package_identification:_identify(share/colcon-core) by extensions ['ignore', 'ignore_ament_install']
[0.450s] Level 1:colcon.colcon_core.package_identification:_identify(share/colcon-core) by extension 'ignore'
[0.450s] Level 1:colcon.colcon_core.package_identification:_identify(share/colcon-core) by extension 'ignore_ament_install'
[0.450s] Level 1:colcon.colcon_core.package_identification:_identify(share/colcon-core) by extensions ['colcon_pkg']
[0.450s] Level 1:colcon.colcon_core.package_identification:_identify(share/colcon-core) by extension 'colcon_pkg'
[0.450s] Level 1:colcon.colcon_core.package_identification:_identify(share/colcon-core) by extensions ['colcon_meta']
[0.450s] Level 1:colcon.colcon_core.package_identification:_identify(share/colcon-core) by extension 'colcon_meta'
[0.450s] Level 1:colcon.colcon_core.package_identification:_identify(share/colcon-core) by extensions ['ros']
[0.450s] Level 1:colcon.colcon_core.package_identification:_identify(share/colcon-core) by extension 'ros'
[0.450s] Level 1:colcon.colcon_core.package_identification:_identify(share/colcon-core) by extensions ['cmake', 'python']
[0.450s] Level 1:colcon.colcon_core.package_identification:_identify(share/colcon-core) by extension 'cmake'
[0.450s] Level 1:colcon.colcon_core.package_identification:_identify(share/colcon-core) by extension 'python'
[0.450s] Level 1:colcon.colcon_core.package_identification:_identify(share/colcon-core) by extensions ['python_setup_py']
[0.450s] Level 1:colcon.colcon_core.package_identification:_identify(share/colcon-core) by extension 'python_setup_py'
[0.450s] Level 1:colcon.colcon_core.package_identification:_identify(share/colcon-core/packages) by extensions ['ignore', 'ignore_ament_install']
[0.450s] Level 1:colcon.colcon_core.package_identification:_identify(share/colcon-core/packages) by extension 'ignore'
[0.450s] Level 1:colcon.colcon_core.package_identification:_identify(share/colcon-core/packages) by extension 'ignore_ament_install'
[0.450s] Level 1:colcon.colcon_core.package_identification:_identify(share/colcon-core/packages) by extensions ['colcon_pkg']
[0.450s] Level 1:colcon.colcon_core.package_identification:_identify(share/colcon-core/packages) by extension 'colcon_pkg'
[0.450s] Level 1:colcon.colcon_core.package_identification:_identify(share/colcon-core/packages) by extensions ['colcon_meta']
[0.450s] Level 1:colcon.colcon_core.package_identification:_identify(share/colcon-core/packages) by extension 'colcon_meta'
[0.450s] Level 1:colcon.colcon_core.package_identification:_identify(share/colcon-core/packages) by extensions ['ros']
[0.450s] Level 1:colcon.colcon_core.package_identification:_identify(share/colcon-core/packages) by extension 'ros'
[0.450s] Level 1:colcon.colcon_core.package_identification:_identify(share/colcon-core/packages) by extensions ['cmake', 'python']
[0.450s] Level 1:colcon.colcon_core.package_identification:_identify(share/colcon-core/packages) by extension 'cmake'
[0.450s] Level 1:colcon.colcon_core.package_identification:_identify(share/colcon-core/packages) by extension 'python'
[0.450s] Level 1:colcon.colcon_core.package_identification:_identify(share/colcon-core/packages) by extensions ['python_setup_py']
[0.450s] Level 1:colcon.colcon_core.package_identification:_identify(share/colcon-core/packages) by extension 'python_setup_py'
[0.450s] Level 1:colcon.colcon_core.package_identification:_identify(share/pickplace_rl_mobile) by extensions ['ignore', 'ignore_ament_install']
[0.450s] Level 1:colcon.colcon_core.package_identification:_identify(share/pickplace_rl_mobile) by extension 'ignore'
[0.450s] Level 1:colcon.colcon_core.package_identification:_identify(share/pickplace_rl_mobile) by extension 'ignore_ament_install'
[0.450s] Level 1:colcon.colcon_core.package_identification:_identify(share/pickplace_rl_mobile) by extensions ['colcon_pkg']
[0.450s] Level 1:colcon.colcon_core.package_identification:_identify(share/pickplace_rl_mobile) by extension 'colcon_pkg'
[0.450s] Level 1:colcon.colcon_core.package_identification:_identify(share/pickplace_rl_mobile) by extensions ['colcon_meta']
[0.450s] Level 1:colcon.colcon_core.package_identification:_identify(share/pickplace_rl_mobile) by extension 'colcon_meta'
[0.450s] Level 1:colcon.colcon_core.package_identification:_identify(share/pickplace_rl_mobile) by extensions ['ros']
[0.450s] Level 1:colcon.colcon_core.package_identification:_identify(share/pickplace_rl_mobile) by extension 'ros'
[0.453s] DEBUG:colcon.colcon_core.package_identification:Package 'share/pickplace_rl_mobile' with type 'ros.ament_cmake' and name 'pickplace_rl_mobile'
[0.453s] Level 1:colcon.colcon_core.package_discovery:discover_packages(recursive) using defaults
[0.453s] Level 1:colcon.colcon_core.package_discovery:discover_packages(ignore) discover
[0.454s] Level 1:colcon.colcon_core.package_discovery:discover_packages(ignore) using defaults
[0.454s] Level 1:colcon.colcon_core.package_discovery:discover_packages(path) discover
[0.454s] Level 1:colcon.colcon_core.package_discovery:discover_packages(path) using defaults
[0.471s] Level 1:colcon.colcon_core.package_discovery:discover_packages(prefix_path) check parameters
[0.471s] Level 1:colcon.colcon_core.package_discovery:discover_packages(prefix_path) discover
[0.476s] DEBUG:colcon.colcon_installed_package_information.package_discovery:Found 15 installed packages in /home/asimov/fleet_management_beetle-arm/install
[0.476s] DEBUG:colcon.colcon_installed_package_information.package_discovery:Found 4 installed packages in /home/asimov/animatronics_head_ros2/install
[0.477s] DEBUG:colcon.colcon_installed_package_information.package_discovery:Found 1 installed packages in /home/asimov/install
[0.477s] DEBUG:colcon.colcon_installed_package_information.package_discovery:Found 1 installed packages in /home/asimov/robot_arm_workspace/install
[0.477s] DEBUG:colcon.colcon_installed_package_information.package_discovery:Found 1 installed packages in /home/asimov/pickplace-rl-mobile/install
[0.477s] DEBUG:colcon.colcon_installed_package_information.package_discovery:Found 1 installed packages in /home/asimov/pickplace-rl-mobile/src/pickplace_rl_mobile/install
[0.477s] DEBUG:colcon.colcon_installed_package_information.package_discovery:Found 2 installed packages in /home/asimov/chess-demo/install
[0.478s] DEBUG:colcon.colcon_installed_package_information.package_discovery:Found 1 installed packages in /home/asimov/fleet_management_beetle-arm/mobile_robots/navigation/install
[0.478s] DEBUG:colcon.colcon_installed_package_information.package_discovery:Found 5 installed packages in /home/asimov/facial-animatronic-ros2/install
[0.479s] DEBUG:colcon.colcon_installed_package_information.package_discovery:Found 398 installed packages in /opt/ros/humble
[0.480s] Level 1:colcon.colcon_core.package_discovery:discover_packages(prefix_path) using defaults
[0.519s] Level 5:colcon.colcon_core.verb:set package 'pickplace_rl_mobile' build argument 'cmake_args' from command line to 'None'
[0.519s] Level 5:colcon.colcon_core.verb:set package 'pickplace_rl_mobile' build argument 'cmake_target' from command line to 'None'
[0.519s] Level 5:colcon.colcon_core.verb:set package 'pickplace_rl_mobile' build argument 'cmake_target_skip_unavailable' from command line to 'False'
[0.519s] Level 5:colcon.colcon_core.verb:set package 'pickplace_rl_mobile' build argument 'cmake_clean_cache' from command line to 'False'
[0.519s] Level 5:colcon.colcon_core.verb:set package 'pickplace_rl_mobile' build argument 'cmake_clean_first' from command line to 'False'
[0.519s] Level 5:colcon.colcon_core.verb:set package 'pickplace_rl_mobile' build argument 'cmake_force_configure' from command line to 'False'
[0.519s] Level 5:colcon.colcon_core.verb:set package 'pickplace_rl_mobile' build argument 'ament_cmake_args' from command line to 'None'
[0.519s] Level 5:colcon.colcon_core.verb:set package 'pickplace_rl_mobile' build argument 'catkin_cmake_args' from command line to 'None'
[0.519s] Level 5:colcon.colcon_core.verb:set package 'pickplace_rl_mobile' build argument 'catkin_skip_building_tests' from command line to 'False'
[0.519s] DEBUG:colcon.colcon_core.verb:Building package 'pickplace_rl_mobile' with the following arguments: {'ament_cmake_args': None, 'build_base': '/home/asimov/pickplace-rl-mobile/src/pickplace_rl_mobile/install/pickplace_rl_mobile/build/pickplace_rl_mobile', 'catkin_cmake_args': None, 'catkin_skip_building_tests': False, 'cmake_args': None, 'cmake_clean_cache': False, 'cmake_clean_first': False, 'cmake_force_configure': False, 'cmake_target': None, 'cmake_target_skip_unavailable': False, 'install_base': '/home/asimov/pickplace-rl-mobile/src/pickplace_rl_mobile/install/pickplace_rl_mobile/install/pickplace_rl_mobile', 'merge_install': False, 'path': '/home/asimov/pickplace-rl-mobile/src/pickplace_rl_mobile/install/pickplace_rl_mobile/share/pickplace_rl_mobile', 'symlink_install': False, 'test_result_base': None}
[0.519s] INFO:colcon.colcon_core.executor:Executing jobs using 'parallel' executor
[0.520s] DEBUG:colcon.colcon_parallel_executor.executor.parallel:run_until_complete
[0.520s] INFO:colcon.colcon_ros.task.ament_cmake.build:Building ROS package in '/home/asimov/pickplace-rl-mobile/src/pickplace_rl_mobile/install/pickplace_rl_mobile/share/pickplace_rl_mobile' with build type 'ament_cmake'
[0.520s] INFO:colcon.colcon_cmake.task.cmake.build:Building CMake package in '/home/asimov/pickplace-rl-mobile/src/pickplace_rl_mobile/install/pickplace_rl_mobile/share/pickplace_rl_mobile'
[0.523s] INFO:colcon.colcon_core.plugin_system:Skipping extension 'colcon_core.shell.bat': Not used on non-Windows systems
[0.523s] INFO:colcon.colcon_core.shell:Skip shell extension 'powershell' for command environment: Not usable outside of PowerShell
[0.523s] DEBUG:colcon.colcon_core.shell:Skip shell extension 'dsv' for command environment
[0.531s] DEBUG:colcon.colcon_core.event_handler.log_command:Invoking command in '/home/asimov/pickplace-rl-mobile/src/pickplace_rl_mobile/install/pickplace_rl_mobile/build/pickplace_rl_mobile': CMAKE_PREFIX_PATH=${CMAKE_PREFIX_PATH}:/home/asimov/facial-animatronic-ros2/install/bringup:/home/asimov/facial-animatronic-ros2/install/training:/home/asimov/facial-animatronic-ros2/install/mimic:/home/asimov/facial-animatronic-ros2/install/hardware_interface:/home/asimov/facial-animatronic-ros2/install/audio_facial_expression:/home/asimov/fleet_management_beetle-arm/install/robot_arm_controller:/home/asimov/fleet_management_beetle-arm/install/recorder:/home/asimov/fleet_management_beetle-arm/install/playback:/home/asimov/fleet_management_beetle-arm/install/perception:/home/asimov/fleet_management_beetle-arm/install/fleet_navigation:/home/asimov/fleet_management_beetle-arm/install/fleet_dashboard:/home/asimov/fleet_management_beetle-arm/install/fleet_core:/home/asimov/fleet_management_beetle-arm/install/arm_hardware_interface:/home/asimov/fleet_management_beetle-arm/install/arm_controller:/home/asimov/animatronics_head_ros2/install/bringup:/home/asimov/animatronics_head_ros2/install/training:/home/asimov/animatronics_head_ros2/install/mimic:/home/asimov/animatronics_head_ros2/install/hardware_interface:/home/asimov/install/robot_controller:/opt/ros/humble /usr/bin/cmake /home/asimov/pickplace-rl-mobile/src/pickplace_rl_mobile/install/pickplace_rl_mobile/share/pickplace_rl_mobile -DCMAKE_INSTALL_PREFIX=/home/asimov/pickplace-rl-mobile/src/pickplace_rl_mobile/install/pickplace_rl_mobile/install/pickplace_rl_mobile
[0.547s] DEBUG:colcon.colcon_core.event_handler.log_command:Invoked command in '/home/asimov/pickplace-rl-mobile/src/pickplace_rl_mobile/install/pickplace_rl_mobile/build/pickplace_rl_mobile' returned '1': CMAKE_PREFIX_PATH=${CMAKE_PREFIX_PATH}:/home/asimov/facial-animatronic-ros2/install/bringup:/home/asimov/facial-animatronic-ros2/install/training:/home/asimov/facial-animatronic-ros2/install/mimic:/home/asimov/facial-animatronic-ros2/install/hardware_interface:/home/asimov/facial-animatronic-ros2/install/audio_facial_expression:/home/asimov/fleet_management_beetle-arm/install/robot_arm_controller:/home/asimov/fleet_management_beetle-arm/install/recorder:/home/asimov/fleet_management_beetle-arm/install/playback:/home/asimov/fleet_management_beetle-arm/install/perception:/home/asimov/fleet_management_beetle-arm/install/fleet_navigation:/home/asimov/fleet_management_beetle-arm/install/fleet_dashboard:/home/asimov/fleet_management_beetle-arm/install/fleet_core:/home/asimov/fleet_management_beetle-arm/install/arm_hardware_interface:/home/asimov/fleet_management_beetle-arm/install/arm_controller:/home/asimov/animatronics_head_ros2/install/bringup:/home/asimov/animatronics_head_ros2/install/training:/home/asimov/animatronics_head_ros2/install/mimic:/home/asimov/animatronics_head_ros2/install/hardware_interface:/home/asimov/install/robot_controller:/opt/ros/humble /usr/bin/cmake /home/asimov/pickplace-rl-mobile/src/pickplace_rl_mobile/install/pickplace_rl_mobile/share/pickplace_rl_mobile -DCMAKE_INSTALL_PREFIX=/home/asimov/pickplace-rl-mobile/src/pickplace_rl_mobile/install/pickplace_rl_mobile/install/pickplace_rl_mobile
[0.547s] Level 1:colcon.colcon_core.environment:create_environment_scripts_only(pickplace_rl_mobile)
[0.553s] Level 1:colcon.colcon_core.environment:checking '/home/asimov/pickplace-rl-mobile/src/pickplace_rl_mobile/install/pickplace_rl_mobile/install/pickplace_rl_mobile' for CMake module files
[0.553s] Level 1:colcon.colcon_core.environment:checking '/home/asimov/pickplace-rl-mobile/src/pickplace_rl_mobile/install/pickplace_rl_mobile/install/pickplace_rl_mobile' for CMake config files
[0.553s] Level 1:colcon.colcon_core.environment:checking '/home/asimov/pickplace-rl-mobile/src/pickplace_rl_mobile/install/pickplace_rl_mobile/install/pickplace_rl_mobile/bin'
[0.553s] Level 1:colcon.colcon_core.environment:checking '/home/asimov/pickplace-rl-mobile/src/pickplace_rl_mobile/install/pickplace_rl_mobile/install/pickplace_rl_mobile/lib/pkgconfig/pickplace_rl_mobile.pc'
[0.553s] Level 1:colcon.colcon_core.environment:checking '/home/asimov/pickplace-rl-mobile/src/pickplace_rl_mobile/install/pickplace_rl_mobile/install/pickplace_rl_mobile/lib/python3.10/site-packages'
[0.553s] Level 1:colcon.colcon_core.environment:checking '/home/asimov/pickplace-rl-mobile/src/pickplace_rl_mobile/install/pickplace_rl_mobile/install/pickplace_rl_mobile/bin'
[0.553s] INFO:colcon.colcon_core.shell:Creating package script '/home/asimov/pickplace-rl-mobile/src/pickplace_rl_mobile/install/pickplace_rl_mobile/install/pickplace_rl_mobile/share/pickplace_rl_mobile/package.ps1'
[0.554s] INFO:colcon.colcon_core.shell:Creating package descriptor '/home/asimov/pickplace-rl-mobile/src/pickplace_rl_mobile/install/pickplace_rl_mobile/install/pickplace_rl_mobile/share/pickplace_rl_mobile/package.dsv'
[0.554s] INFO:colcon.colcon_core.shell:Creating package script '/home/asimov/pickplace-rl-mobile/src/pickplace_rl_mobile/install/pickplace_rl_mobile/install/pickplace_rl_mobile/share/pickplace_rl_mobile/package.sh'
[0.555s] INFO:colcon.colcon_core.shell:Creating package script '/home/asimov/pickplace-rl-mobile/src/pickplace_rl_mobile/install/pickplace_rl_mobile/install/pickplace_rl_mobile/share/pickplace_rl_mobile/package.bash'
[0.555s] INFO:colcon.colcon_core.shell:Creating package script '/home/asimov/pickplace-rl-mobile/src/pickplace_rl_mobile/install/pickplace_rl_mobile/install/pickplace_rl_mobile/share/pickplace_rl_mobile/package.zsh'
[0.556s] Level 1:colcon.colcon_core.environment:create_file_with_runtime_dependencies(/home/asimov/pickplace-rl-mobile/src/pickplace_rl_mobile/install/pickplace_rl_mobile/install/pickplace_rl_mobile/share/colcon-core/packages/pickplace_rl_mobile)
[0.566s] DEBUG:colcon.colcon_parallel_executor.executor.parallel:closing loop
[0.567s] DEBUG:colcon.colcon_parallel_executor.executor.parallel:loop closed
[0.567s] DEBUG:colcon.colcon_parallel_executor.executor.parallel:run_until_complete finished with '1'
[0.567s] DEBUG:colcon.colcon_core.event_reactor:joining thread
[0.579s] INFO:colcon.colcon_core.plugin_system:Skipping extension 'colcon_notification.desktop_notification.terminal_notifier': Not used on non-Darwin systems
[0.579s] INFO:colcon.colcon_core.plugin_system:Skipping extension 'colcon_notification.desktop_notification.win32': Not used on non-Windows systems
[0.579s] INFO:colcon.colcon_notification.desktop_notification:Sending desktop notification using 'notify2'
[0.591s] DEBUG:colcon.colcon_core.event_reactor:joined thread
[0.592s] INFO:colcon.colcon_core.shell:Creating prefix script '/home/asimov/pickplace-rl-mobile/src/pickplace_rl_mobile/install/pickplace_rl_mobile/install/local_setup.ps1'
[0.593s] INFO:colcon.colcon_core.shell:Creating prefix util module '/home/asimov/pickplace-rl-mobile/src/pickplace_rl_mobile/install/pickplace_rl_mobile/install/_local_setup_util_ps1.py'
[0.593s] INFO:colcon.colcon_core.shell:Creating prefix chain script '/home/asimov/pickplace-rl-mobile/src/pickplace_rl_mobile/install/pickplace_rl_mobile/install/setup.ps1'
[0.595s] INFO:colcon.colcon_core.shell:Creating prefix script '/home/asimov/pickplace-rl-mobile/src/pickplace_rl_mobile/install/pickplace_rl_mobile/install/local_setup.sh'
[0.595s] INFO:colcon.colcon_core.shell:Creating prefix util module '/home/asimov/pickplace-rl-mobile/src/pickplace_rl_mobile/install/pickplace_rl_mobile/install/_local_setup_util_sh.py'
[0.596s] INFO:colcon.colcon_core.shell:Creating prefix chain script '/home/asimov/pickplace-rl-mobile/src/pickplace_rl_mobile/install/pickplace_rl_mobile/install/setup.sh'
[0.597s] INFO:colcon.colcon_core.shell:Creating prefix script '/home/asimov/pickplace-rl-mobile/src/pickplace_rl_mobile/install/pickplace_rl_mobile/install/local_setup.bash'
[0.598s] INFO:colcon.colcon_core.shell:Creating prefix chain script '/home/asimov/pickplace-rl-mobile/src/pickplace_rl_mobile/install/pickplace_rl_mobile/install/setup.bash'
[0.599s] INFO:colcon.colcon_core.shell:Creating prefix script '/home/asimov/pickplace-rl-mobile/src/pickplace_rl_mobile/install/pickplace_rl_mobile/install/local_setup.zsh'
[0.600s] INFO:colcon.colcon_core.shell:Creating prefix chain script '/home/asimov/pickplace-rl-mobile/src/pickplace_rl_mobile/install/pickplace_rl_mobile/install/setup.zsh'
